<?xml version="1.0" encoding="UTF-8" ?>
<testsuite failures="0" time="0.107" errors="0" skipped="0" tests="13" name="com.fontys.softwarecraftsmanship.ComputerTest">
  <properties>
    <property name="java.runtime.name" value="Java(TM) SE Runtime Environment"/>
    <property name="sun.boot.library.path" value="C:\Program Files\Java\jdk1.7.0_72\jre\bin"/>
    <property name="java.vm.version" value="24.72-b04"/>
    <property name="user.country.format" value="NL"/>
    <property name="java.vm.vendor" value="Oracle Corporation"/>
    <property name="java.vendor.url" value="http://java.oracle.com/"/>
    <property name="path.separator" value=";"/>
    <property name="guice.disable.misplaced.annotation.check" value="true"/>
    <property name="java.vm.name" value="Java HotSpot(TM) 64-Bit Server VM"/>
    <property name="file.encoding.pkg" value="sun.io"/>
    <property name="user.script" value=""/>
    <property name="user.country" value="US"/>
    <property name="sun.java.launcher" value="SUN_STANDARD"/>
    <property name="sun.os.patch.level" value="Service Pack 1"/>
    <property name="test" value="com.fontys.softwarecraftsmanship.**.*Test"/>
    <property name="java.vm.specification.name" value="Java Virtual Machine Specification"/>
    <property name="user.dir" value="D:\Java\SoftwareCraftsmanship (original)"/>
    <property name="java.runtime.version" value="1.7.0_72-b14"/>
    <property name="java.awt.graphicsenv" value="sun.awt.Win32GraphicsEnvironment"/>
    <property name="java.endorsed.dirs" value="C:\Program Files\Java\jdk1.7.0_72\jre\lib\endorsed"/>
    <property name="os.arch" value="amd64"/>
    <property name="java.io.tmpdir" value="C:\Users\873955\AppData\Local\Temp\"/>
    <property name="line.separator" value="
"/>
    <property name="java.vm.specification.vendor" value="Oracle Corporation"/>
    <property name="user.variant" value=""/>
    <property name="os.name" value="Windows 7"/>
    <property name="maven.ext.class.path" value="C:\Users\873955\AppData\Roaming\NetBeans\8.0.2\maven-nblib\netbeans-eventspy.jar"/>
    <property name="classworlds.conf" value="C:\Program Files\NetBeans 8.0.2\java\maven\bin\m2.conf"/>
    <property name="sun.jnu.encoding" value="Cp1252"/>
    <property name="java.library.path" value="C:\Program Files\Java\jdk1.7.0_72\bin;C:\WINDOWS\Sun\Java\bin;C:\WINDOWS\system32;C:\WINDOWS;D:\app\client\_install\product\12.1.0\client_1;D:\app\client\_install\product\12.1.0\client_1\bin;C:\ProgramData\Oracle\Java\javapath;C:\Program Files\Common Files\Microsoft Shared\Windows Live;C:\Program Files (x86)\Common Files\Microsoft Shared\Windows Live;C:\WINDOWS\system32;C:\WINDOWS;C:\WINDOWS\System32\Wbem;C:\WINDOWS\System32\WindowsPowerShell\v1.0\;C:\Program Files (x86)\Windows Live\Shared;C:\Program Files (x86)\Microsoft Application Virtualization Client;C:\Program Files (x86)\Windows Kits\8.1\Windows Performance Toolkit\;C:\Program Files\Microsoft SQL Server\110\Tools\Binn\;C:\Program Files\TortoiseSVN\bin;C:\apache-maven-3.2.5\bin;C:\Program Files (x86)\nodejs\;C:\Program Files\Microsoft\Web Platform Installer\;C:\Ruby22-x64\bin;C:\Users\873955\AppData\Roaming\npm;."/>
    <property name="java.specification.name" value="Java Platform API Specification"/>
    <property name="java.class.version" value="51.0"/>
    <property name="sun.management.compiler" value="HotSpot 64-Bit Tiered Compilers"/>
    <property name="os.version" value="6.1"/>
    <property name="user.home" value="C:\Users\873955"/>
    <property name="user.timezone" value="Europe/Berlin"/>
    <property name="java.awt.printerjob" value="sun.awt.windows.WPrinterJob"/>
    <property name="java.specification.version" value="1.7"/>
    <property name="file.encoding" value="UTF-8"/>
    <property name="user.name" value="873955"/>
    <property name="java.class.path" value="C:\Program Files\NetBeans 8.0.2\java\maven\boot\plexus-classworlds-2.4.jar"/>
    <property name="java.vm.specification.version" value="1.7"/>
    <property name="sun.arch.data.model" value="64"/>
    <property name="java.home" value="C:\Program Files\Java\jdk1.7.0_72\jre"/>
    <property name="sun.java.command" value="org.codehaus.plexus.classworlds.launcher.Launcher -Dtest=com.fontys.softwarecraftsmanship.**.*Test -Dmaven.ext.class.path=C:\Users\873955\AppData\Roaming\NetBeans\8.0.2\maven-nblib\netbeans-eventspy.jar -Dfile.encoding=UTF-8 surefire:test"/>
    <property name="java.specification.vendor" value="Oracle Corporation"/>
    <property name="user.language" value="en"/>
    <property name="user.language.format" value="nl"/>
    <property name="awt.toolkit" value="sun.awt.windows.WToolkit"/>
    <property name="java.vm.info" value="mixed mode"/>
    <property name="java.version" value="1.7.0_72"/>
    <property name="java.ext.dirs" value="C:\Program Files\Java\jdk1.7.0_72\jre\lib\ext;C:\WINDOWS\Sun\Java\lib\ext"/>
    <property name="sun.boot.class.path" value="C:\Program Files\Java\jdk1.7.0_72\jre\lib\resources.jar;C:\Program Files\Java\jdk1.7.0_72\jre\lib\rt.jar;C:\Program Files\Java\jdk1.7.0_72\jre\lib\sunrsasign.jar;C:\Program Files\Java\jdk1.7.0_72\jre\lib\jsse.jar;C:\Program Files\Java\jdk1.7.0_72\jre\lib\jce.jar;C:\Program Files\Java\jdk1.7.0_72\jre\lib\charsets.jar;C:\Program Files\Java\jdk1.7.0_72\jre\lib\jfr.jar;C:\Program Files\Java\jdk1.7.0_72\jre\classes"/>
    <property name="java.vendor" value="Oracle Corporation"/>
    <property name="maven.home" value="C:\Program Files\NetBeans 8.0.2\java\maven"/>
    <property name="file.separator" value="\"/>
    <property name="java.vendor.url.bug" value="http://bugreport.sun.com/bugreport/"/>
    <property name="sun.cpu.endian" value="little"/>
    <property name="sun.io.unicode.encoding" value="UnicodeLittle"/>
    <property name="sun.desktop" value="windows"/>
    <property name="sun.cpu.isalist" value="amd64"/>
  </properties>
  <testcase time="0.022" classname="com.fontys.softwarecraftsmanship.ComputerTest" name="testOnePartComputerIsIncomplete"/>
  <testcase time="0" classname="com.fontys.softwarecraftsmanship.ComputerTest" name="testMorePartsComputerIsIncomplete"/>
  <testcase time="0" classname="com.fontys.softwarecraftsmanship.ComputerTest" name="testAddZeroParts"/>
  <testcase time="0" classname="com.fontys.softwarecraftsmanship.ComputerTest" name="testAddOnePart"/>
  <testcase time="0" classname="com.fontys.softwarecraftsmanship.ComputerTest" name="testAddMoreParts"/>
  <testcase time="0" classname="com.fontys.softwarecraftsmanship.ComputerTest" name="testAddNullPart"/>
  <testcase time="0" classname="com.fontys.softwarecraftsmanship.ComputerTest" name="testAddNullParts"/>
  <testcase time="0" classname="com.fontys.softwarecraftsmanship.ComputerTest" name="testGetEmptyComputerPrice"/>
  <testcase time="0" classname="com.fontys.softwarecraftsmanship.ComputerTest" name="testGetOnePartComputerPrice"/>
  <testcase time="0" classname="com.fontys.softwarecraftsmanship.ComputerTest" name="testGetMorePartsComputerPrice"/>
  <testcase time="0" classname="com.fontys.softwarecraftsmanship.ComputerTest" name="testEmptyComputerIsIncomplete"/>
  <testcase time="0" classname="com.fontys.softwarecraftsmanship.ComputerTest" name="testComputerIsComplete"/>
  <testcase time="0" classname="com.fontys.softwarecraftsmanship.ComputerTest" name="testComputerIsIncomplete"/>
</testsuite>